2025-11-15 11:49:11 [main] INFO  cn.edu.sju.jee.Application - Starting Application using Java 17.0.3.1 with PID 11684 (D:\javaee课设\springboot\target\classes started by zzz in D:\javaee课设\springboot)
2025-11-15 11:49:11 [main] DEBUG cn.edu.sju.jee.Application - Running with Spring Boot v3.2.0, Spring v6.1.1
2025-11-15 11:49:11 [main] INFO  cn.edu.sju.jee.Application - No active profile set, falling back to 1 default profile: "default"
2025-11-15 11:49:12 [main] DEBUG o.m.s.mapper.ClassPathMapperScanner - Identified candidate component class: file [D:\javaee课设\springboot\target\classes\cn\edu\sju\jee\mapper\AttendanceMapper.class]
2025-11-15 11:49:12 [main] DEBUG o.m.s.mapper.ClassPathMapperScanner - Identified candidate component class: file [D:\javaee课设\springboot\target\classes\cn\edu\sju\jee\mapper\DepartmentMapper.class]
2025-11-15 11:49:12 [main] DEBUG o.m.s.mapper.ClassPathMapperScanner - Identified candidate component class: file [D:\javaee课设\springboot\target\classes\cn\edu\sju\jee\mapper\EmployeeMapper.class]
2025-11-15 11:49:12 [main] DEBUG o.m.s.mapper.ClassPathMapperScanner - Identified candidate component class: file [D:\javaee课设\springboot\target\classes\cn\edu\sju\jee\mapper\PositionMapper.class]
2025-11-15 11:49:12 [main] DEBUG o.m.s.mapper.ClassPathMapperScanner - Identified candidate component class: file [D:\javaee课设\springboot\target\classes\cn\edu\sju\jee\mapper\TbUserMapper.class]
2025-11-15 11:49:12 [main] DEBUG o.m.s.mapper.ClassPathMapperScanner - Creating MapperFactoryBean with name 'attendanceMapper' and 'cn.edu.sju.jee.mapper.AttendanceMapper' mapperInterface
2025-11-15 11:49:12 [main] DEBUG o.m.s.mapper.ClassPathMapperScanner - Enabling autowire by type for MapperFactoryBean with name 'attendanceMapper'.
2025-11-15 11:49:12 [main] DEBUG o.m.s.mapper.ClassPathMapperScanner - Creating MapperFactoryBean with name 'departmentMapper' and 'cn.edu.sju.jee.mapper.DepartmentMapper' mapperInterface
2025-11-15 11:49:12 [main] DEBUG o.m.s.mapper.ClassPathMapperScanner - Enabling autowire by type for MapperFactoryBean with name 'departmentMapper'.
2025-11-15 11:49:12 [main] DEBUG o.m.s.mapper.ClassPathMapperScanner - Creating MapperFactoryBean with name 'employeeMapper' and 'cn.edu.sju.jee.mapper.EmployeeMapper' mapperInterface
2025-11-15 11:49:12 [main] DEBUG o.m.s.mapper.ClassPathMapperScanner - Enabling autowire by type for MapperFactoryBean with name 'employeeMapper'.
2025-11-15 11:49:12 [main] DEBUG o.m.s.mapper.ClassPathMapperScanner - Creating MapperFactoryBean with name 'positionMapper' and 'cn.edu.sju.jee.mapper.PositionMapper' mapperInterface
2025-11-15 11:49:12 [main] DEBUG o.m.s.mapper.ClassPathMapperScanner - Enabling autowire by type for MapperFactoryBean with name 'positionMapper'.
2025-11-15 11:49:12 [main] DEBUG o.m.s.mapper.ClassPathMapperScanner - Creating MapperFactoryBean with name 'tbUserMapper' and 'cn.edu.sju.jee.mapper.TbUserMapper' mapperInterface
2025-11-15 11:49:12 [main] DEBUG o.m.s.mapper.ClassPathMapperScanner - Enabling autowire by type for MapperFactoryBean with name 'tbUserMapper'.
2025-11-15 11:49:13 [main] INFO  o.s.b.w.e.tomcat.TomcatWebServer - Tomcat initialized with port 8081 (http)
2025-11-15 11:49:13 [main] INFO  o.a.catalina.core.StandardService - Starting service [Tomcat]
2025-11-15 11:49:13 [main] INFO  o.a.catalina.core.StandardEngine - Starting Servlet engine: [Apache Tomcat/10.1.16]
2025-11-15 11:49:14 [main] INFO  o.apache.jasper.servlet.TldScanner - At least one JAR was scanned for TLDs yet contained no TLDs. Enable debug logging for this logger for a complete list of JARs that were scanned but no TLDs were found in them. Skipping unneeded JARs during scanning can improve startup time and JSP compilation time.
2025-11-15 11:49:14 [main] INFO  o.a.c.c.C.[.[.[/springmvc030] - Initializing Spring embedded WebApplicationContext
2025-11-15 11:49:14 [main] INFO  o.s.b.w.s.c.ServletWebServerApplicationContext - Root WebApplicationContext: initialization completed in 2812 ms
2025-11-15 11:49:14 [main] DEBUG o.m.spring.SqlSessionFactoryBean - Parsed configuration file: 'class path resource [mybatis-config.xml]'
2025-11-15 11:49:14 [main] DEBUG o.m.spring.SqlSessionFactoryBean - Property 'mapperLocations' was not specified.
2025-11-15 11:49:15 [main] INFO  o.s.b.w.e.tomcat.TomcatWebServer - Tomcat started on port 8081 (http) with context path '/springmvc030'
2025-11-15 11:49:15 [main] INFO  cn.edu.sju.jee.Application - Started Application in 5.26 seconds (process running for 7.068)
2025-11-15 11:51:51 [http-nio-8081-exec-1] INFO  o.a.c.c.C.[.[.[/springmvc030] - Initializing Spring DispatcherServlet 'dispatcherServlet'
2025-11-15 11:51:51 [http-nio-8081-exec-1] INFO  o.s.web.servlet.DispatcherServlet - Initializing Servlet 'dispatcherServlet'
2025-11-15 11:51:51 [http-nio-8081-exec-1] INFO  o.s.web.servlet.DispatcherServlet - Completed initialization in 12 ms
2025-11-15 11:51:51 [http-nio-8081-exec-1] DEBUG org.mybatis.spring.SqlSessionUtils - Creating a new SqlSession
2025-11-15 11:51:51 [http-nio-8081-exec-1] DEBUG org.mybatis.spring.SqlSessionUtils - SqlSession [org.apache.ibatis.session.defaults.DefaultSqlSession@910e57f] was not registered for synchronization because synchronization is not active
2025-11-15 11:51:53 [http-nio-8081-exec-1] INFO  c.alibaba.druid.pool.DruidDataSource - {dataSource-1} inited
2025-11-15 11:51:53 [http-nio-8081-exec-1] DEBUG o.m.s.t.SpringManagedTransaction - JDBC Connection [ConnectionProxyImpl{connectedTime=2025-11-15 11:51:53.428, closeCount=0, lastValidateTimeMillis=2025-11-15 11:51:53.428}] will not be managed by Spring
2025-11-15 11:51:53 [http-nio-8081-exec-1] DEBUG c.e.s.j.m.T.queryByUsernameAndPassword - ==>  Preparing: select * from tb_user where user_name = ? and password = ?
2025-11-15 11:51:59 [http-nio-8081-exec-1] DEBUG c.e.s.j.m.T.queryByUsernameAndPassword - ==> Parameters: xxy(String), 12345(String)
2025-11-15 11:51:59 [http-nio-8081-exec-1] DEBUG c.e.s.j.m.T.queryByUsernameAndPassword - <==      Total: 1
2025-11-15 11:51:59 [http-nio-8081-exec-1] DEBUG org.mybatis.spring.SqlSessionUtils - Closing non transactional SqlSession [org.apache.ibatis.session.defaults.DefaultSqlSession@910e57f]
2025-11-15 11:52:03 [http-nio-8081-exec-3] DEBUG org.mybatis.spring.SqlSessionUtils - Creating a new SqlSession
2025-11-15 11:52:03 [http-nio-8081-exec-3] DEBUG org.mybatis.spring.SqlSessionUtils - SqlSession [org.apache.ibatis.session.defaults.DefaultSqlSession@72d5d8d8] was not registered for synchronization because synchronization is not active
2025-11-15 11:52:03 [http-nio-8081-exec-3] DEBUG o.m.s.t.SpringManagedTransaction - JDBC Connection [ConnectionProxyImpl{connectedTime=2025-11-15 11:51:53.428, closeCount=0, lastValidateTimeMillis=2025-11-15 11:51:53.428}] will not be managed by Spring
2025-11-15 11:52:03 [http-nio-8081-exec-3] DEBUG c.e.s.j.m.T.queryByUsernameAndPassword - ==>  Preparing: select * from tb_user where user_name = ? and password = ?
2025-11-15 11:52:03 [http-nio-8081-exec-3] DEBUG c.e.s.j.m.T.queryByUsernameAndPassword - ==> Parameters: xxy(String), 12345(String)
2025-11-15 11:52:03 [http-nio-8081-exec-3] DEBUG c.e.s.j.m.T.queryByUsernameAndPassword - <==      Total: 1
2025-11-15 11:52:03 [http-nio-8081-exec-3] DEBUG org.mybatis.spring.SqlSessionUtils - Closing non transactional SqlSession [org.apache.ibatis.session.defaults.DefaultSqlSession@72d5d8d8]
2025-11-15 11:52:03 [http-nio-8081-exec-4] DEBUG org.mybatis.spring.SqlSessionUtils - Creating a new SqlSession
2025-11-15 11:52:03 [http-nio-8081-exec-4] DEBUG org.mybatis.spring.SqlSessionUtils - SqlSession [org.apache.ibatis.session.defaults.DefaultSqlSession@766395c3] was not registered for synchronization because synchronization is not active
2025-11-15 11:52:03 [http-nio-8081-exec-4] DEBUG o.m.s.t.SpringManagedTransaction - JDBC Connection [ConnectionProxyImpl{connectedTime=2025-11-15 11:51:53.428, closeCount=0, lastValidateTimeMillis=2025-11-15 11:51:53.428}] will not be managed by Spring
2025-11-15 11:52:03 [http-nio-8081-exec-4] DEBUG c.e.s.j.m.DepartmentMapper.queryAll - ==>  Preparing: select * from department order by dept_id
2025-11-15 11:52:03 [http-nio-8081-exec-4] DEBUG c.e.s.j.m.DepartmentMapper.queryAll - ==> Parameters: 
2025-11-15 11:52:03 [http-nio-8081-exec-4] DEBUG c.e.s.j.m.DepartmentMapper.queryAll - <==      Total: 9
2025-11-15 11:52:03 [http-nio-8081-exec-4] DEBUG org.mybatis.spring.SqlSessionUtils - Closing non transactional SqlSession [org.apache.ibatis.session.defaults.DefaultSqlSession@766395c3]
2025-11-15 12:38:54 [http-nio-8081-exec-2] DEBUG org.mybatis.spring.SqlSessionUtils - Creating a new SqlSession
2025-11-15 12:38:54 [http-nio-8081-exec-2] DEBUG org.mybatis.spring.SqlSessionUtils - SqlSession [org.apache.ibatis.session.defaults.DefaultSqlSession@428692f7] was not registered for synchronization because synchronization is not active
2025-11-15 12:38:54 [http-nio-8081-exec-2] DEBUG o.m.s.t.SpringManagedTransaction - JDBC Connection [ConnectionProxyImpl{connectedTime=2025-11-15 12:38:54.826, closeCount=0, lastValidateTimeMillis=2025-11-15 12:38:54.837}] will not be managed by Spring
2025-11-15 12:38:54 [http-nio-8081-exec-2] DEBUG c.e.s.j.m.DepartmentMapper.queryAll - ==>  Preparing: select * from department order by dept_id
2025-11-15 12:38:54 [http-nio-8081-exec-2] DEBUG c.e.s.j.m.DepartmentMapper.queryAll - ==> Parameters: 
2025-11-15 12:38:55 [http-nio-8081-exec-2] DEBUG c.e.s.j.m.DepartmentMapper.queryAll - <==      Total: 9
2025-11-15 12:38:55 [http-nio-8081-exec-2] DEBUG org.mybatis.spring.SqlSessionUtils - Closing non transactional SqlSession [org.apache.ibatis.session.defaults.DefaultSqlSession@428692f7]
